e:\ad\proiect\ad14\debug\easydll.pch
e:\ad\proiect\ad14\debug\vc142.pdb
e:\ad\proiect\ad14\debug\vc142.idb
e:\ad\proiect\ad14\debug\stdafx.sbr
e:\ad\proiect\ad14\debug\stdafx.obj
e:\ad\proiect\ad14\debug\easydll.sbr
e:\ad\proiect\ad14\debug\easydll.obj
e:\ad\proiect\ad14\debug\easydll.ilk
e:\ad\proiect\ad14\debug\easydll.dll
e:\ad\proiect\ad14\debug\easydll.pdb
e:\ad\proiect\ad14\debug\easydll.lib
e:\ad\proiect\ad14\debug\easydll.exp
e:\ad\proiect\ad14\debug\easydll.bsc
e:\ad\proiect\ad14\.\debug\easydll.dll
e:\ad\proiect\ad14\debug\easydll.tlog\bscmake.command.1.tlog
e:\ad\proiect\ad14\debug\easydll.tlog\cl.read.1.tlog
e:\ad\proiect\ad14\debug\easydll.tlog\cl.write.1.tlog
e:\ad\proiect\ad14\debug\easydll.tlog\cl.command.1.tlog
e:\ad\proiect\ad14\debug\easydll.tlog\link.read.1.tlog
e:\ad\proiect\ad14\debug\easydll.tlog\link.write.1.tlog
e:\ad\proiect\ad14\debug\easydll.tlog\link.command.1.tlog
e:\ad\proiect\ad14\debug\easydll.tlog\easydll.write.1u.tlog
e:\ad\proiect\ad14\debug\easydll.tlog\bscmake.read.1.tlog
e:\ad\proiect\ad14\debug\easydll.tlog\bscmake.write.1.tlog
